â¯ make install 2>../make_install.log 1>&2
make[1]: Entering directory '/opt/apr/archive/source/apr-1.7.0'
make[1]: Nothing to be done for 'local-all'.
make[1]: Leaving directory '/opt/apr/archive/source/apr-1.7.0'
/opt/apr/archive/source/apr-1.7.0/build/mkdir.sh /opt/apr/lib /opt/apr/bin /opt/apr/build-1 \
	     /opt/apr/lib/pkgconfig /opt/apr/include/apr-1
/usr/bin/install -c -m 644 /opt/apr/archive/source/apr-1.7.0/include/apr.h /opt/apr/include/apr-1
for f in /opt/apr/archive/source/apr-1.7.0/include/apr_*.h; do \
    /usr/bin/install -c -m 644 ${f} /opt/apr/include/apr-1; \
done
/bin/bash /opt/apr/archive/source/apr-1.7.0/libtool --mode=install /usr/bin/install -c -m 755 libapr-1.la /opt/apr/lib
libtool: install: /usr/bin/install -c -m 755 .libs/libapr-1.so.0.7.0 /opt/apr/lib/libapr-1.so.0.7.0
libtool: install: (cd /opt/apr/lib && { ln -s -f libapr-1.so.0.7.0 libapr-1.so.0 || { rm -f libapr-1.so.0 && ln -s libapr-1.so.0.7.0 libapr-1.so.0; }; })
libtool: install: (cd /opt/apr/lib && { ln -s -f libapr-1.so.0.7.0 libapr-1.so || { rm -f libapr-1.so && ln -s libapr-1.so.0.7.0 libapr-1.so; }; })
libtool: install: /usr/bin/install -c -m 755 .libs/libapr-1.lai /opt/apr/lib/libapr-1.la
libtool: install: /usr/bin/install -c -m 755 .libs/libapr-1.a /opt/apr/lib/libapr-1.a
libtool: install: chmod 644 /opt/apr/lib/libapr-1.a
libtool: install: ranlib /opt/apr/lib/libapr-1.a
libtool: finish: PATH="/opt/shadowsocks/bin:/opt/openssl/bin:/opt/asciidoc/bin:/root/.local/bin:/usr/games:/usr/local/bin:/usr/local/sbin:/usr/sbin:/usr/bin:/sbin:/bin:/sbin" ldconfig -n /opt/apr/lib
----------------------------------------------------------------------
Libraries have been installed in:
   /opt/apr/lib

If you ever happen to want to link against installed libraries
in a given directory, LIBDIR, you must either use libtool, and
specify the full pathname of the library, or use the '-LLIBDIR'
flag during linking and do at least one of the following:
   - add LIBDIR to the 'LD_LIBRARY_PATH' environment variable
     during execution
   - add LIBDIR to the 'LD_RUN_PATH' environment variable
     during linking
   - use the '-Wl,-rpath -Wl,LIBDIR' linker flag
   - have your system administrator add LIBDIR to '/etc/ld.so.conf'

See any operating system documentation about shared libraries for
more information, such as the ld(1) and ld.so(8) manual pages.
----------------------------------------------------------------------
/usr/bin/install -c -m 644 apr.exp /opt/apr/lib/apr.exp
/usr/bin/install -c -m 644 apr.pc /opt/apr/lib/pkgconfig/apr-1.pc
for f in libtool shlibtool; do \
    if test -f ${f}; then /usr/bin/install -c -m 755 ${f} /opt/apr/build-1; fi; \
done
/usr/bin/install -c -m 755 /opt/apr/archive/source/apr-1.7.0/build/mkdir.sh /opt/apr/build-1
for f in make_exports.awk make_var_export.awk; do \
    /usr/bin/install -c -m 644 /opt/apr/archive/source/apr-1.7.0/build/${f} /opt/apr/build-1; \
done
/usr/bin/install -c -m 644 build/apr_rules.out /opt/apr/build-1/apr_rules.mk
/usr/bin/install -c -m 755 apr-config.out /opt/apr/bin/apr-1-config
